<?xml version="1.0" encoding="UTF-8"?>
<!-- Generated by org.testng.reporters.JUnitReportReporter -->
<testsuite skipped="0" hostname="DESKTOP-ABHINAV" name="TestRunner.Runner" tests="3" failures="0" timestamp="2020-09-17T18:28:56 SGT" time="26.127" errors="0">
  <testcase name="runScenario" time="8.480" classname="TestRunner.Runner"/>
  <system-out/>
  <testcase name="runScenario" time="8.198" classname="TestRunner.Runner"/>
  <system-out/>
  <testcase name="runScenario" time="9.449" classname="TestRunner.Runner"/>
  <system-out/>
</testsuite> <!-- TestRunner.Runner -->
